<?xml version="1.0" encoding="UTF-8"?>
<!-- Generated by org.testng.reporters.JUnitXMLReporter -->
<testsuite hostname="DESKTOP-HM5G61C" ignored="3" name="Smoke" tests="1" failures="1" timestamp="2019-09-27T23:04:55 EDT" time="12.301" errors="0">
  <testcase name="filmsPage" time="3.727" classname="com.starwars.testcases.HomePageTest">
    <failure type="java.lang.AssertionError" message="expected [11] but found [12]">
      <![CDATA[java.lang.AssertionError: expected [11] but found [12]
at com.starwars.testcases.HomePageTest.filmsPage(HomePageTest.java:109)
at java.util.ArrayList.forEach(ArrayList.java:1257)
... Removed 36 stack frames]]>
    </failure>
  </testcase> <!-- filmsPage -->
  <testcase name="TC01_3" time="0.0" classname="com.starwars.testcases.APITestCases">
    <ignored/>
  </testcase> <!-- TC01_3 -->
  <testcase name="TC01_2" time="0.0" classname="com.starwars.testcases.APITestCases">
    <ignored/>
  </testcase> <!-- TC01_2 -->
  <testcase name="TC01_1" time="0.0" classname="com.starwars.testcases.APITestCases">
    <ignored/>
  </testcase> <!-- TC01_1 -->
</testsuite> <!-- Smoke -->
