<?xml version="1.0" encoding="UTF-8"?>
<testng-results skipped="0" failed="1" ignored="3" total="4" passed="0">
  <reporter-output>
  </reporter-output>
  <suite name="Suite" duration-ms="12301" started-at="2019-09-27T23:04:42 EDT" finished-at="2019-09-27T23:04:54 EDT">
    <groups>
      <group name="smoke">
        <method signature="HomePageTest.filmsPage()[pri:0, instance:com.starwars.testcases.HomePageTest@60c6f5b]" name="filmsPage" class="com.starwars.testcases.HomePageTest"/>
      </group> <!-- smoke -->
    </groups>
    <test name="Smoke" duration-ms="12301" started-at="2019-09-27T23:04:42 EDT" finished-at="2019-09-27T23:04:54 EDT">
      <class name="com.starwars.testcases.HomePageTest">
        <test-method status="PASS" signature="setUp()[pri:0, instance:com.starwars.testcases.HomePageTest@60c6f5b]" name="setUp" is-config="true" duration-ms="8449" started-at="2019-09-27T23:04:42 EDT" finished-at="2019-09-27T23:04:51 EDT">
          <reporter-output>
          </reporter-output>
        </test-method> <!-- setUp -->
        <test-method status="FAIL" signature="filmsPage()[pri:0, instance:com.starwars.testcases.HomePageTest@60c6f5b]" name="filmsPage" duration-ms="3727" started-at="2019-09-27T23:04:51 EDT" finished-at="2019-09-27T23:04:54 EDT">
          <exception class="java.lang.AssertionError">
            <message>
              <![CDATA[expected [11] but found [12]]]>
            </message>
            <full-stacktrace>
              <![CDATA[java.lang.AssertionError: expected [11] but found [12]
at org.testng.Assert.fail(Assert.java:97)
at org.testng.Assert.assertEqualsImpl(Assert.java:136)
at org.testng.Assert.assertEquals(Assert.java:118)
at org.testng.Assert.assertEquals(Assert.java:839)
at org.testng.Assert.assertEquals(Assert.java:849)
at com.starwars.testcases.HomePageTest.filmsPage(HomePageTest.java:109)
at sun.reflect.NativeMethodAccessorImpl.invoke0(Native Method)
at sun.reflect.NativeMethodAccessorImpl.invoke(NativeMethodAccessorImpl.java:62)
at sun.reflect.DelegatingMethodAccessorImpl.invoke(DelegatingMethodAccessorImpl.java:43)
at java.lang.reflect.Method.invoke(Method.java:498)
at org.testng.internal.MethodInvocationHelper.invokeMethod(MethodInvocationHelper.java:133)
at org.testng.internal.TestInvoker.invokeMethod(TestInvoker.java:584)
at org.testng.internal.TestInvoker.invokeTestMethod(TestInvoker.java:172)
at org.testng.internal.MethodRunner.runInSequence(MethodRunner.java:46)
at org.testng.internal.TestInvoker$MethodInvocationAgent.invoke(TestInvoker.java:804)
at org.testng.internal.TestInvoker.invokeTestMethods(TestInvoker.java:145)
at org.testng.internal.TestMethodWorker.invokeTestMethods(TestMethodWorker.java:146)
at org.testng.internal.TestMethodWorker.run(TestMethodWorker.java:128)
at java.util.ArrayList.forEach(ArrayList.java:1257)
at org.testng.TestRunner.privateRun(TestRunner.java:770)
at org.testng.TestRunner.run(TestRunner.java:591)
at org.testng.SuiteRunner.runTest(SuiteRunner.java:402)
at org.testng.SuiteRunner.runSequentially(SuiteRunner.java:396)
at org.testng.SuiteRunner.privateRun(SuiteRunner.java:355)
at org.testng.SuiteRunner.run(SuiteRunner.java:304)
at org.testng.SuiteRunnerWorker.runSuite(SuiteRunnerWorker.java:53)
at org.testng.SuiteRunnerWorker.run(SuiteRunnerWorker.java:96)
at org.testng.TestNG.runSuitesSequentially(TestNG.java:1180)
at org.testng.TestNG.runSuitesLocally(TestNG.java:1102)
at org.testng.TestNG.runSuites(TestNG.java:1032)
at org.testng.TestNG.run(TestNG.java:1000)
at org.apache.maven.surefire.testng.TestNGExecutor.run(TestNGExecutor.java:283)
at org.apache.maven.surefire.testng.TestNGXmlTestSuite.execute(TestNGXmlTestSuite.java:75)
at org.apache.maven.surefire.testng.TestNGProvider.invoke(TestNGProvider.java:120)
at org.apache.maven.surefire.booter.ForkedBooter.invokeProviderInSameClassLoader(ForkedBooter.java:384)
at org.apache.maven.surefire.booter.ForkedBooter.runSuitesInProcess(ForkedBooter.java:345)
at org.apache.maven.surefire.booter.ForkedBooter.execute(ForkedBooter.java:126)
at org.apache.maven.surefire.booter.ForkedBooter.main(ForkedBooter.java:418)
]]>
            </full-stacktrace>
          </exception> <!-- java.lang.AssertionError -->
          <reporter-output>
          </reporter-output>
        </test-method> <!-- filmsPage -->
        <test-method status="PASS" signature="tearDown()[pri:0, instance:com.starwars.testcases.HomePageTest@60c6f5b]" name="tearDown" is-config="true" duration-ms="87" started-at="2019-09-27T23:04:54 EDT" finished-at="2019-09-27T23:04:54 EDT">
          <reporter-output>
          </reporter-output>
        </test-method> <!-- tearDown -->
      </class> <!-- com.starwars.testcases.HomePageTest -->
    </test> <!-- Smoke -->
  </suite> <!-- Suite -->
</testng-results>
